<?xml version="1.0" encoding="utf-8"?><testsuites name="pytest tests"><testsuite name="pytest" errors="0" failures="0" skipped="0" tests="8" time="1.613" timestamp="2026-07-17T18:05:55.781538+00:00" hostname="agent-env-ffcdb844-9423-4cbf-a49b-a442f07fc2cb"><testcase classname="tests.backend_test.TestWaitlist" name="test_count_returns_int" time="0.261" /><testcase classname="tests.backend_test.TestContact" name="test_contact_valid" time="0.340" /><testcase classname="tests.backend_test.TestWaitlist" name="test_signup_new_email" time="0.471" /><testcase classname="tests.backend_test.TestContact" name="test_contact_invalid_email" time="0.151" /><testcase classname="tests.backend_test.TestContact" name="test_contact_missing_fields" time="0.139" /><testcase classname="tests.backend_test" name="test_root" time="0.139" /><testcase classname="tests.backend_test.TestWaitlist" name="test_duplicate_email_returns_409" time="0.158" /><testcase classname="tests.backend_test.TestWaitlist" name="test_invalid_email_returns_422" time="0.157" /></testsuite></testsuites>