<?xml version="1.0" encoding="utf-8"?><testsuites name="pytest tests"><testsuite name="pytest" errors="0" failures="0" skipped="0" tests="20" time="4.529" timestamp="2026-07-17T20:00:09.390762+00:00" hostname="agent-env-ffcdb844-9423-4cbf-a49b-a442f07fc2cb"><testcase classname="tests.test_terminal.TestAuth" name="test_login_success" time="0.543" /><testcase classname="tests.test_terminal.TestAdminCRUDAuthRequired" name="test_create_requires_auth" time="0.299" /><testcase classname="tests.test_terminal.TestAdminCRUDAuthRequired" name="test_update_requires_auth" time="0.250" /><testcase classname="tests.test_terminal.TestAuth" name="test_login_wrong_password" time="0.327" /><testcase classname="tests.test_terminal.TestAdminCRUDAuthRequired" name="test_delete_requires_auth" time="0.317" /><testcase classname="tests.test_terminal.TestAdminCRUDAuthRequired" name="test_reorder_requires_auth" time="0.153" /><testcase classname="tests.test_terminal.TestAuth" name="test_me_requires_token" time="0.143" /><testcase classname="tests.backend_test.TestWaitlist" name="test_count_returns_int" time="0.322" /><testcase classname="tests.backend_test.TestWaitlist" name="test_signup_new_email" time="0.546" /><testcase classname="tests.test_terminal.TestAuth" name="test_me_with_token" time="0.492" /><testcase classname="tests.test_terminal.TestScannersPublic" name="test_scanners_list" time="0.112" /><testcase classname="tests.test_terminal.TestScannersPublic" name="test_stocks_momentum_seeded" time="0.208" /><testcase classname="tests.test_terminal.TestScannersPublic" name="test_stocks_unknown_scanner" time="0.113" /><testcase classname="tests.backend_test.TestWaitlist" name="test_duplicate_email_returns_409" time="0.139" /><testcase classname="tests.backend_test.TestContact" name="test_contact_valid" time="0.115" /><testcase classname="tests.backend_test.TestWaitlist" name="test_invalid_email_returns_422" time="0.118" /><testcase classname="tests.backend_test.TestContact" name="test_contact_invalid_email" time="0.167" /><testcase classname="tests.backend_test.TestContact" name="test_contact_missing_fields" time="0.305" /><testcase classname="tests.test_terminal.TestAdminCRUDFlow" name="test_full_crud_and_reorder" time="1.681" /><testcase classname="tests.backend_test" name="test_root" time="0.115" /></testsuite></testsuites>