<?xml version="1.0" encoding="utf-8"?><testsuites name="pytest tests"><testsuite name="pytest" errors="0" failures="0" skipped="0" tests="8" time="2.091" timestamp="2026-07-20T12:01:00.450521+00:00" hostname="agent-env-ffcdb844-9423-4cbf-a49b-a442f07fc2cb"><testcase classname="tests.test_signal.TestSignalAuth" name="test_put_requires_auth" time="0.276" /><testcase classname="tests.test_signal.TestSignalAuth" name="test_put_invalid_token" time="0.250" /><testcase classname="tests.test_signal.TestSignalPublic" name="test_get_signal_public_returns_shape" time="0.137" /><testcase classname="tests.test_signal.TestSignalAutoDerive" name="test_neutral_with_bullish_legs_derives_bullish" time="0.738" /><testcase classname="tests.test_signal.TestSignalAutoDerive" name="test_neutral_with_bearish_legs_derives_bearish" time="0.252" /><testcase classname="tests.test_signal" name="test_restore_bullish_demo_state" time="0.736" /><testcase classname="tests.test_signal.TestSignalAutoDerive" name="test_neutral_neutral_stays_neutral" time="0.098" /><testcase classname="tests.test_signal.TestSignalAutoDerive" name="test_explicit_bias_not_overridden" time="0.099" /></testsuite></testsuites>